<?xml version="1.0" encoding="UTF-8"?>
<testsuite errors="0" failures="0" name="gaussian_tests.GaussianTest-20160920195539" skipped="0" tests="1" time="0.000">
	<testcase classname="gaussian_tests.GaussianTest" name="test_gjf" time="0.000"/>
	<system-out>
<![CDATA[]]>	</system-out>
	<system-err>
<![CDATA[]]>	</system-err>
</testsuite>
