<?xml version="1.0" encoding="UTF-8"?>
<testsuite errors="0" failures="0" name="vasp_tests.VaspTest-20160920195539" skipped="0" tests="1" time="0.000">
	<testcase classname="vasp_tests.VaspTest" name="test_poscar" time="0.000"/>
	<system-out>
<![CDATA[]]>	</system-out>
	<system-err>
<![CDATA[]]>	</system-err>
</testsuite>
